{"location":"pipedream-webhook","message":"webhook_post_entry","data":{"method":"POST"},"timestamp":1771300265179}
{"location":"pipedream-webhook","message":"webhook_post_entry","data":{"method":"POST"},"timestamp":1771300265180}
{"location":"pipedream-webhook","message":"webhook_received","data":{"headerDeploy":null,"bodyDeploy":null,"metaDeploy":null,"emitterDeploy":null,"deploymentId":null,"eventKeys":["type","id","created_at","updated_at","waiting_since","snoozed_until","source","contacts","first_contact_reply","admin_assignee_id","team_assignee_id","open","state","read","tags","priority","sla_applied","statistics","conversation_rating","teammates","title","custom_attributes","topics","ticket","linked_objects","ai_agent","ai_agent_participated","conversation_parts"],"pdHeaders":null,"eventMetadata":null},"timestamp":1771300265181}
{"location":"pipedream-webhook","message":"no_deployment_id","data":{"deploymentId":null,"skippedLookup":true},"timestamp":1771300265181}
{"location":"pipedream-webhook","message":"before_ingest","data":{"tenantId":null,"sourceEventId":"pipedream_215473131140290","eventType":"conversation.conversation","entityId":"215473131140290"},"timestamp":1771300265181}
{"location":"events-manager","message":"fetch_ingest_start","data":{"url":"http://localhost:8080/api/ingest","source":"conversation","source_event_id":"pipedream_215473131140290"},"timestamp":1771300265181}
{"location":"pipedream-webhook","message":"webhook_received","data":{"headerDeploy":null,"bodyDeploy":null,"metaDeploy":null,"emitterDeploy":null,"deploymentId":null,"eventKeys":["type","id","created_at","updated_at","waiting_since","snoozed_until","source","contacts","first_contact_reply","admin_assignee_id","team_assignee_id","open","state","read","tags","priority","sla_applied","statistics","conversation_rating","teammates","title","custom_attributes","topics","ticket","linked_objects","ai_agent","ai_agent_participated"],"pdHeaders":null,"eventMetadata":null},"timestamp":1771300265182}
{"location":"pipedream-webhook","message":"no_deployment_id","data":{"deploymentId":null,"skippedLookup":true},"timestamp":1771300265182}
{"location":"pipedream-webhook","message":"before_ingest","data":{"tenantId":null,"sourceEventId":"pipedream_215472742146840","eventType":"conversation.conversation","entityId":"215472742146840"},"timestamp":1771300265182}
{"location":"events-manager","message":"fetch_ingest_start","data":{"url":"http://localhost:8080/api/ingest","source":"conversation","source_event_id":"pipedream_215472742146840"},"timestamp":1771300265182}
{"location":"events-manager","message":"fetch_ingest_response","data":{"status":422,"ok":false},"timestamp":1771300265187}
{"location":"pipedream-webhook","message":"ingest_error","data":{"error":"Failed to ingest event: Failed to deserialize the JSON body into the target type: occurred_at: invalid type: integer `1771299189`, expected an RFC 3339 formatted date and time string at line 1 column 4268","tenantId":null},"timestamp":1771300265187}
{"location":"events-manager","message":"fetch_ingest_response","data":{"status":422,"ok":false},"timestamp":1771300265251}
{"location":"pipedream-webhook","message":"ingest_error","data":{"error":"Failed to ingest event: Failed to deserialize the JSON body into the target type: occurred_at: invalid type: integer `1768858559`, expected an RFC 3339 formatted date and time string at line 1 column 2785","tenantId":null},"timestamp":1771300265252}
{"location":"pipedream-webhook","message":"webhook_post_entry","data":{"method":"POST"},"timestamp":1771300265312}
{"location":"pipedream-webhook","message":"webhook_post_entry","data":{"method":"POST"},"timestamp":1771300265312}
{"location":"pipedream-webhook","message":"webhook_post_entry","data":{"method":"POST"},"timestamp":1771300265312}
{"location":"pipedream-webhook","message":"webhook_received","data":{"headerDeploy":null,"bodyDeploy":null,"metaDeploy":null,"emitterDeploy":null,"deploymentId":null,"eventKeys":["type","id","created_at","updated_at","waiting_since","snoozed_until","source","contacts","first_contact_reply","admin_assignee_id","team_assignee_id","open","state","read","tags","priority","sla_applied","statistics","conversation_rating","teammates","title","custom_attributes","topics","ticket","linked_objects","ai_agent","ai_agent_participated","conversation_parts"],"pdHeaders":null,"eventMetadata":null},"timestamp":1771300265313}
{"location":"pipedream-webhook","message":"no_deployment_id","data":{"deploymentId":null,"skippedLookup":true},"timestamp":1771300265313}
{"location":"pipedream-webhook","message":"before_ingest","data":{"tenantId":null,"sourceEventId":"pipedream_215473131175360","eventType":"conversation.conversation","entityId":"215473131175360"},"timestamp":1771300265313}
{"location":"events-manager","message":"fetch_ingest_start","data":{"url":"http://localhost:8080/api/ingest","source":"conversation","source_event_id":"pipedream_215473131175360"},"timestamp":1771300265313}
{"location":"pipedream-webhook","message":"webhook_received","data":{"headerDeploy":null,"bodyDeploy":null,"metaDeploy":null,"emitterDeploy":null,"deploymentId":null,"eventKeys":["type","id","created_at","updated_at","waiting_since","snoozed_until","source","contacts","first_contact_reply","admin_assignee_id","team_assignee_id","open","state","read","tags","priority","sla_applied","statistics","conversation_rating","teammates","title","custom_attributes","topics","ticket","linked_objects","ai_agent","ai_agent_participated","conversation_parts"],"pdHeaders":null,"eventMetadata":null},"timestamp":1771300265314}
{"location":"pipedream-webhook","message":"no_deployment_id","data":{"deploymentId":null,"skippedLookup":true},"timestamp":1771300265314}
{"location":"pipedream-webhook","message":"before_ingest","data":{"tenantId":null,"sourceEventId":"pipedream_215473131030283","eventType":"conversation.conversation","entityId":"215473131030283"},"timestamp":1771300265314}
{"location":"events-manager","message":"fetch_ingest_start","data":{"url":"http://localhost:8080/api/ingest","source":"conversation","source_event_id":"pipedream_215473131030283"},"timestamp":1771300265314}
{"location":"pipedream-webhook","message":"webhook_received","data":{"headerDeploy":null,"bodyDeploy":null,"metaDeploy":null,"emitterDeploy":null,"deploymentId":null,"eventKeys":["type","id","created_at","updated_at","waiting_since","snoozed_until","source","contacts","first_contact_reply","admin_assignee_id","team_assignee_id","open","state","read","tags","priority","sla_applied","statistics","conversation_rating","teammates","title","custom_attributes","topics","ticket","linked_objects","ai_agent","ai_agent_participated","conversation_parts"],"pdHeaders":null,"eventMetadata":null},"timestamp":1771300265314}
{"location":"pipedream-webhook","message":"no_deployment_id","data":{"deploymentId":null,"skippedLookup":true},"timestamp":1771300265314}
{"location":"pipedream-webhook","message":"before_ingest","data":{"tenantId":null,"sourceEventId":"pipedream_215473131081743","eventType":"conversation.conversation","entityId":"215473131081743"},"timestamp":1771300265314}
{"location":"events-manager","message":"fetch_ingest_start","data":{"url":"http://localhost:8080/api/ingest","source":"conversation","source_event_id":"pipedream_215473131081743"},"timestamp":1771300265314}
{"location":"events-manager","message":"fetch_ingest_response","data":{"status":422,"ok":false},"timestamp":1771300265318}
{"location":"pipedream-webhook","message":"ingest_error","data":{"error":"Failed to ingest event: Failed to deserialize the JSON body into the target type: occurred_at: invalid type: integer `1771299659`, expected an RFC 3339 formatted date and time string at line 1 column 4992","tenantId":null},"timestamp":1771300265319}
{"location":"events-manager","message":"fetch_ingest_response","data":{"status":422,"ok":false},"timestamp":1771300265374}
{"location":"pipedream-webhook","message":"ingest_error","data":{"error":"Failed to ingest event: Failed to deserialize the JSON body into the target type: occurred_at: invalid type: integer `1771297600`, expected an RFC 3339 formatted date and time string at line 1 column 4547","tenantId":null},"timestamp":1771300265375}
{"location":"events-manager","message":"fetch_ingest_response","data":{"status":422,"ok":false},"timestamp":1771300265444}
{"location":"pipedream-webhook","message":"ingest_error","data":{"error":"Failed to ingest event: Failed to deserialize the JSON body into the target type: occurred_at: invalid type: integer `1771298320`, expected an RFC 3339 formatted date and time string at line 1 column 5018","tenantId":null},"timestamp":1771300265445}
{"location":"pipedream-webhook","message":"webhook_post_entry","data":{"method":"POST"},"timestamp":1771300265542}
{"location":"pipedream-webhook","message":"webhook_received","data":{"headerDeploy":null,"bodyDeploy":null,"metaDeploy":null,"emitterDeploy":null,"deploymentId":null,"eventKeys":["type","id","created_at","updated_at","waiting_since","snoozed_until","source","contacts","first_contact_reply","admin_assignee_id","team_assignee_id","open","state","read","tags","priority","sla_applied","statistics","conversation_rating","teammates","title","custom_attributes","topics","ticket","linked_objects","ai_agent","ai_agent_participated"],"pdHeaders":null,"eventMetadata":null},"timestamp":1771300265542}
{"location":"pipedream-webhook","message":"no_deployment_id","data":{"deploymentId":null,"skippedLookup":true},"timestamp":1771300265543}
{"location":"pipedream-webhook","message":"before_ingest","data":{"tenantId":null,"sourceEventId":"pipedream_215472877651588","eventType":"conversation.conversation","entityId":"215472877651588"},"timestamp":1771300265543}
{"location":"events-manager","message":"fetch_ingest_start","data":{"url":"http://localhost:8080/api/ingest","source":"conversation","source_event_id":"pipedream_215472877651588"},"timestamp":1771300265543}
{"location":"events-manager","message":"fetch_ingest_response","data":{"status":422,"ok":false},"timestamp":1771300265546}
{"location":"pipedream-webhook","message":"ingest_error","data":{"error":"Failed to ingest event: Failed to deserialize the JSON body into the target type: occurred_at: invalid type: integer `1769699942`, expected an RFC 3339 formatted date and time string at line 1 column 2782","tenantId":null},"timestamp":1771300265547}
{"location":"pipedream-webhook","message":"webhook_post_entry","data":{"method":"POST"},"timestamp":1771300265922}
{"location":"pipedream-webhook","message":"webhook_received","data":{"headerDeploy":null,"bodyDeploy":null,"metaDeploy":null,"emitterDeploy":null,"deploymentId":null,"eventKeys":["type","id","created_at","updated_at","waiting_since","snoozed_until","source","contacts","first_contact_reply","admin_assignee_id","team_assignee_id","open","state","read","tags","priority","sla_applied","statistics","conversation_rating","teammates","title","custom_attributes","topics","ticket","linked_objects","ai_agent","ai_agent_participated"],"pdHeaders":null,"eventMetadata":null},"timestamp":1771300265923}
{"location":"pipedream-webhook","message":"no_deployment_id","data":{"deploymentId":null,"skippedLookup":true},"timestamp":1771300265923}
{"location":"pipedream-webhook","message":"before_ingest","data":{"tenantId":null,"sourceEventId":"pipedream_215472877861626","eventType":"conversation.conversation","entityId":"215472877861626"},"timestamp":1771300265923}
{"location":"events-manager","message":"fetch_ingest_start","data":{"url":"http://localhost:8080/api/ingest","source":"conversation","source_event_id":"pipedream_215472877861626"},"timestamp":1771300265923}
{"location":"events-manager","message":"fetch_ingest_response","data":{"status":422,"ok":false},"timestamp":1771300265929}
{"location":"pipedream-webhook","message":"ingest_error","data":{"error":"Failed to ingest event: Failed to deserialize the JSON body into the target type: occurred_at: invalid type: integer `1769700159`, expected an RFC 3339 formatted date and time string at line 1 column 2785","tenantId":null},"timestamp":1771300265929}
{"location":"pipedream-webhook","message":"webhook_post_entry","data":{"method":"POST"},"timestamp":1771300266035}
{"location":"pipedream-webhook","message":"webhook_received","data":{"headerDeploy":null,"bodyDeploy":null,"metaDeploy":null,"emitterDeploy":null,"deploymentId":null,"eventKeys":["type","id","created_at","updated_at","waiting_since","snoozed_until","source","contacts","first_contact_reply","admin_assignee_id","team_assignee_id","open","state","read","tags","priority","sla_applied","statistics","conversation_rating","teammates","title","custom_attributes","topics","ticket","linked_objects","ai_agent","ai_agent_participated"],"pdHeaders":null,"eventMetadata":null},"timestamp":1771300266036}
{"location":"pipedream-webhook","message":"no_deployment_id","data":{"deploymentId":null,"skippedLookup":true},"timestamp":1771300266036}
{"location":"pipedream-webhook","message":"before_ingest","data":{"tenantId":null,"sourceEventId":"pipedream_215472930888886","eventType":"conversation.conversation","entityId":"215472930888886"},"timestamp":1771300266037}
{"location":"events-manager","message":"fetch_ingest_start","data":{"url":"http://localhost:8080/api/ingest","source":"conversation","source_event_id":"pipedream_215472930888886"},"timestamp":1771300266037}
{"location":"events-manager","message":"fetch_ingest_response","data":{"status":422,"ok":false},"timestamp":1771300266040}
{"location":"pipedream-webhook","message":"ingest_error","data":{"error":"Failed to ingest event: Failed to deserialize the JSON body into the target type: occurred_at: invalid type: integer `1770057412`, expected an RFC 3339 formatted date and time string at line 1 column 2785","tenantId":null},"timestamp":1771300266041}
{"location":"pipedream-webhook","message":"webhook_post_entry","data":{"method":"POST"},"timestamp":1771300266112}
{"location":"pipedream-webhook","message":"webhook_post_entry","data":{"method":"POST"},"timestamp":1771300266113}
{"location":"pipedream-webhook","message":"webhook_post_entry","data":{"method":"POST"},"timestamp":1771300266114}
{"location":"pipedream-webhook","message":"webhook_received","data":{"headerDeploy":null,"bodyDeploy":null,"metaDeploy":null,"emitterDeploy":null,"deploymentId":null,"eventKeys":["type","id","created_at","updated_at","waiting_since","snoozed_until","source","contacts","first_contact_reply","admin_assignee_id","team_assignee_id","open","state","read","tags","priority","sla_applied","statistics","conversation_rating","teammates","title","custom_attributes","topics","ticket","linked_objects","ai_agent","ai_agent_participated"],"pdHeaders":null,"eventMetadata":null},"timestamp":1771300266115}
{"location":"pipedream-webhook","message":"no_deployment_id","data":{"deploymentId":null,"skippedLookup":true},"timestamp":1771300266115}
{"location":"pipedream-webhook","message":"before_ingest","data":{"tenantId":null,"sourceEventId":"pipedream_215472930893077","eventType":"conversation.conversation","entityId":"215472930893077"},"timestamp":1771300266115}
{"location":"events-manager","message":"fetch_ingest_start","data":{"url":"http://localhost:8080/api/ingest","source":"conversation","source_event_id":"pipedream_215472930893077"},"timestamp":1771300266115}
{"location":"pipedream-webhook","message":"webhook_received","data":{"headerDeploy":null,"bodyDeploy":null,"metaDeploy":null,"emitterDeploy":null,"deploymentId":null,"eventKeys":["type","id","created_at","updated_at","waiting_since","snoozed_until","source","contacts","first_contact_reply","admin_assignee_id","team_assignee_id","open","state","read","tags","priority","sla_applied","statistics","conversation_rating","teammates","title","custom_attributes","topics","ticket","linked_objects","ai_agent","ai_agent_participated"],"pdHeaders":null,"eventMetadata":null},"timestamp":1771300266116}
{"location":"pipedream-webhook","message":"no_deployment_id","data":{"deploymentId":null,"skippedLookup":true},"timestamp":1771300266117}
{"location":"pipedream-webhook","message":"before_ingest","data":{"tenantId":null,"sourceEventId":"pipedream_215472952950870","eventType":"conversation.conversation","entityId":"215472952950870"},"timestamp":1771300266117}
{"location":"events-manager","message":"fetch_ingest_start","data":{"url":"http://localhost:8080/api/ingest","source":"conversation","source_event_id":"pipedream_215472952950870"},"timestamp":1771300266117}
{"location":"pipedream-webhook","message":"webhook_received","data":{"headerDeploy":null,"bodyDeploy":null,"metaDeploy":null,"emitterDeploy":null,"deploymentId":null,"eventKeys":["type","id","created_at","updated_at","waiting_since","snoozed_until","source","contacts","first_contact_reply","admin_assignee_id","team_assignee_id","open","state","read","tags","priority","sla_applied","statistics","conversation_rating","teammates","title","custom_attributes","topics","ticket","linked_objects","ai_agent","ai_agent_participated"],"pdHeaders":null,"eventMetadata":null},"timestamp":1771300266118}
{"location":"pipedream-webhook","message":"no_deployment_id","data":{"deploymentId":null,"skippedLookup":true},"timestamp":1771300266119}
{"location":"pipedream-webhook","message":"before_ingest","data":{"tenantId":null,"sourceEventId":"pipedream_215472952936194","eventType":"conversation.conversation","entityId":"215472952936194"},"timestamp":1771300266119}
{"location":"events-manager","message":"fetch_ingest_start","data":{"url":"http://localhost:8080/api/ingest","source":"conversation","source_event_id":"pipedream_215472952936194"},"timestamp":1771300266119}
{"location":"events-manager","message":"fetch_ingest_response","data":{"status":422,"ok":false},"timestamp":1771300266121}
{"location":"pipedream-webhook","message":"ingest_error","data":{"error":"Failed to ingest event: Failed to deserialize the JSON body into the target type: occurred_at: invalid type: integer `1770057441`, expected an RFC 3339 formatted date and time string at line 1 column 2280","tenantId":null},"timestamp":1771300266122}
{"location":"events-manager","message":"fetch_ingest_response","data":{"status":422,"ok":false},"timestamp":1771300266189}
{"location":"pipedream-webhook","message":"ingest_error","data":{"error":"Failed to ingest event: Failed to deserialize the JSON body into the target type: occurred_at: invalid type: integer `1770170849`, expected an RFC 3339 formatted date and time string at line 1 column 2202","tenantId":null},"timestamp":1771300266189}
{"location":"events-manager","message":"fetch_ingest_response","data":{"status":422,"ok":false},"timestamp":1771300266278}
{"location":"pipedream-webhook","message":"ingest_error","data":{"error":"Failed to ingest event: Failed to deserialize the JSON body into the target type: occurred_at: invalid type: integer `1770170798`, expected an RFC 3339 formatted date and time string at line 1 column 2785","tenantId":null},"timestamp":1771300266279}
{"location":"pipedream-webhook","message":"webhook_post_entry","data":{"method":"POST"},"timestamp":1771300266427}
{"location":"pipedream-webhook","message":"webhook_received","data":{"headerDeploy":null,"bodyDeploy":null,"metaDeploy":null,"emitterDeploy":null,"deploymentId":null,"eventKeys":["type","id","created_at","updated_at","waiting_since","snoozed_until","source","contacts","first_contact_reply","admin_assignee_id","team_assignee_id","open","state","read","tags","priority","sla_applied","statistics","conversation_rating","teammates","title","custom_attributes","topics","ticket","linked_objects","ai_agent","ai_agent_participated"],"pdHeaders":null,"eventMetadata":null},"timestamp":1771300266429}
{"location":"pipedream-webhook","message":"no_deployment_id","data":{"deploymentId":null,"skippedLookup":true},"timestamp":1771300266429}
{"location":"pipedream-webhook","message":"before_ingest","data":{"tenantId":null,"sourceEventId":"pipedream_215472953057514","eventType":"conversation.conversation","entityId":"215472953057514"},"timestamp":1771300266430}
{"location":"events-manager","message":"fetch_ingest_start","data":{"url":"http://localhost:8080/api/ingest","source":"conversation","source_event_id":"pipedream_215472953057514"},"timestamp":1771300266430}
{"location":"events-manager","message":"fetch_ingest_response","data":{"status":422,"ok":false},"timestamp":1771300266438}
{"location":"pipedream-webhook","message":"ingest_error","data":{"error":"Failed to ingest event: Failed to deserialize the JSON body into the target type: occurred_at: invalid type: integer `1770171434`, expected an RFC 3339 formatted date and time string at line 1 column 2183","tenantId":null},"timestamp":1771300266439}
{"location":"pipedream-webhook","message":"webhook_post_entry","data":{"method":"POST"},"timestamp":1771300266694}
{"location":"pipedream-webhook","message":"webhook_received","data":{"headerDeploy":null,"bodyDeploy":null,"metaDeploy":null,"emitterDeploy":null,"deploymentId":null,"eventKeys":["type","id","created_at","updated_at","waiting_since","snoozed_until","source","contacts","first_contact_reply","admin_assignee_id","team_assignee_id","open","state","read","tags","priority","sla_applied","statistics","conversation_rating","teammates","title","custom_attributes","topics","ticket","linked_objects","ai_agent","ai_agent_participated"],"pdHeaders":null,"eventMetadata":null},"timestamp":1771300266696}
{"location":"pipedream-webhook","message":"no_deployment_id","data":{"deploymentId":null,"skippedLookup":true},"timestamp":1771300266696}
{"location":"pipedream-webhook","message":"before_ingest","data":{"tenantId":null,"sourceEventId":"pipedream_215472953051953","eventType":"conversation.conversation","entityId":"215472953051953"},"timestamp":1771300266696}
{"location":"events-manager","message":"fetch_ingest_start","data":{"url":"http://localhost:8080/api/ingest","source":"conversation","source_event_id":"pipedream_215472953051953"},"timestamp":1771300266696}
{"location":"events-manager","message":"fetch_ingest_response","data":{"status":422,"ok":false},"timestamp":1771300266705}
{"location":"pipedream-webhook","message":"ingest_error","data":{"error":"Failed to ingest event: Failed to deserialize the JSON body into the target type: occurred_at: invalid type: integer `1770171407`, expected an RFC 3339 formatted date and time string at line 1 column 2814","tenantId":null},"timestamp":1771300266707}
{"location":"pipedream-webhook","message":"webhook_post_entry","data":{"method":"POST"},"timestamp":1771300266826}
{"location":"pipedream-webhook","message":"webhook_received","data":{"headerDeploy":null,"bodyDeploy":null,"metaDeploy":null,"emitterDeploy":null,"deploymentId":null,"eventKeys":["type","id","created_at","updated_at","waiting_since","snoozed_until","source","contacts","first_contact_reply","admin_assignee_id","team_assignee_id","open","state","read","tags","priority","sla_applied","statistics","conversation_rating","teammates","title","custom_attributes","topics","ticket","linked_objects","ai_agent","ai_agent_participated"],"pdHeaders":null,"eventMetadata":null},"timestamp":1771300266828}
{"location":"pipedream-webhook","message":"no_deployment_id","data":{"deploymentId":null,"skippedLookup":true},"timestamp":1771300266828}
{"location":"pipedream-webhook","message":"before_ingest","data":{"tenantId":null,"sourceEventId":"pipedream_215473131030283","eventType":"conversation.conversation","entityId":"215473131030283"},"timestamp":1771300266828}
{"location":"events-manager","message":"fetch_ingest_start","data":{"url":"http://localhost:8080/api/ingest","source":"conversation","source_event_id":"pipedream_215473131030283"},"timestamp":1771300266828}
{"location":"events-manager","message":"fetch_ingest_response","data":{"status":422,"ok":false},"timestamp":1771300266831}
{"location":"pipedream-webhook","message":"ingest_error","data":{"error":"Failed to ingest event: Failed to deserialize the JSON body into the target type: occurred_at: invalid type: integer `1771297600`, expected an RFC 3339 formatted date and time string at line 1 column 2240","tenantId":null},"timestamp":1771300266831}
{"location":"pipedream-webhook","message":"webhook_post_entry","data":{"method":"POST"},"timestamp":1771300266901}
{"location":"pipedream-webhook","message":"webhook_post_entry","data":{"method":"POST"},"timestamp":1771300266901}
{"location":"pipedream-webhook","message":"webhook_received","data":{"headerDeploy":null,"bodyDeploy":null,"metaDeploy":null,"emitterDeploy":null,"deploymentId":null,"eventKeys":["type","id","created_at","updated_at","waiting_since","snoozed_until","source","contacts","first_contact_reply","admin_assignee_id","team_assignee_id","open","state","read","tags","priority","sla_applied","statistics","conversation_rating","teammates","title","custom_attributes","topics","ticket","linked_objects","ai_agent","ai_agent_participated"],"pdHeaders":null,"eventMetadata":null},"timestamp":1771300266902}
{"location":"pipedream-webhook","message":"no_deployment_id","data":{"deploymentId":null,"skippedLookup":true},"timestamp":1771300266902}
{"location":"pipedream-webhook","message":"before_ingest","data":{"tenantId":null,"sourceEventId":"pipedream_215473131081743","eventType":"conversation.conversation","entityId":"215473131081743"},"timestamp":1771300266902}
{"location":"events-manager","message":"fetch_ingest_start","data":{"url":"http://localhost:8080/api/ingest","source":"conversation","source_event_id":"pipedream_215473131081743"},"timestamp":1771300266902}
{"location":"pipedream-webhook","message":"webhook_received","data":{"headerDeploy":null,"bodyDeploy":null,"metaDeploy":null,"emitterDeploy":null,"deploymentId":null,"eventKeys":["type","id","created_at","updated_at","waiting_since","snoozed_until","source","contacts","first_contact_reply","admin_assignee_id","team_assignee_id","open","state","read","tags","priority","sla_applied","statistics","conversation_rating","teammates","title","custom_attributes","topics","ticket","linked_objects","ai_agent","ai_agent_participated"],"pdHeaders":null,"eventMetadata":null},"timestamp":1771300266902}
{"location":"pipedream-webhook","message":"no_deployment_id","data":{"deploymentId":null,"skippedLookup":true},"timestamp":1771300266902}
{"location":"pipedream-webhook","message":"before_ingest","data":{"tenantId":null,"sourceEventId":"pipedream_215473131140290","eventType":"conversation.conversation","entityId":"215473131140290"},"timestamp":1771300266902}
{"location":"events-manager","message":"fetch_ingest_start","data":{"url":"http://localhost:8080/api/ingest","source":"conversation","source_event_id":"pipedream_215473131140290"},"timestamp":1771300266902}
{"location":"events-manager","message":"fetch_ingest_response","data":{"status":422,"ok":false},"timestamp":1771300266904}
{"location":"pipedream-webhook","message":"ingest_error","data":{"error":"Failed to ingest event: Failed to deserialize the JSON body into the target type: occurred_at: invalid type: integer `1771298320`, expected an RFC 3339 formatted date and time string at line 1 column 2356","tenantId":null},"timestamp":1771300266904}
{"location":"events-manager","message":"fetch_ingest_response","data":{"status":422,"ok":false},"timestamp":1771300266979}
{"location":"pipedream-webhook","message":"ingest_error","data":{"error":"Failed to ingest event: Failed to deserialize the JSON body into the target type: occurred_at: invalid type: integer `1771299189`, expected an RFC 3339 formatted date and time string at line 1 column 2306","tenantId":null},"timestamp":1771300266980}
{"location":"pipedream-webhook","message":"webhook_post_entry","data":{"method":"POST"},"timestamp":1771300267091}
{"location":"pipedream-webhook","message":"webhook_received","data":{"headerDeploy":null,"bodyDeploy":null,"metaDeploy":null,"emitterDeploy":null,"deploymentId":null,"eventKeys":["type","id","created_at","updated_at","waiting_since","snoozed_until","source","contacts","first_contact_reply","admin_assignee_id","team_assignee_id","open","state","read","tags","priority","sla_applied","statistics","conversation_rating","teammates","title","custom_attributes","topics","ticket","linked_objects","ai_agent","ai_agent_participated"],"pdHeaders":null,"eventMetadata":null},"timestamp":1771300267092}
{"location":"pipedream-webhook","message":"no_deployment_id","data":{"deploymentId":null,"skippedLookup":true},"timestamp":1771300267093}
{"location":"pipedream-webhook","message":"before_ingest","data":{"tenantId":null,"sourceEventId":"pipedream_215473131152252","eventType":"conversation.conversation","entityId":"215473131152252"},"timestamp":1771300267093}
{"location":"events-manager","message":"fetch_ingest_start","data":{"url":"http://localhost:8080/api/ingest","source":"conversation","source_event_id":"pipedream_215473131152252"},"timestamp":1771300267093}
{"location":"events-manager","message":"fetch_ingest_response","data":{"status":422,"ok":false},"timestamp":1771300267097}
{"location":"pipedream-webhook","message":"ingest_error","data":{"error":"Failed to ingest event: Failed to deserialize the JSON body into the target type: occurred_at: invalid type: integer `1771299361`, expected an RFC 3339 formatted date and time string at line 1 column 2254","tenantId":null},"timestamp":1771300267098}
{"location":"pipedream-webhook","message":"webhook_post_entry","data":{"method":"POST"},"timestamp":1771300267176}
{"location":"pipedream-webhook","message":"webhook_received","data":{"headerDeploy":null,"bodyDeploy":null,"metaDeploy":null,"emitterDeploy":null,"deploymentId":null,"eventKeys":["type","id","created_at","updated_at","waiting_since","snoozed_until","source","contacts","first_contact_reply","admin_assignee_id","team_assignee_id","open","state","read","tags","priority","sla_applied","statistics","conversation_rating","teammates","title","custom_attributes","topics","ticket","linked_objects","ai_agent","ai_agent_participated"],"pdHeaders":null,"eventMetadata":null},"timestamp":1771300267177}
{"location":"pipedream-webhook","message":"no_deployment_id","data":{"deploymentId":null,"skippedLookup":true},"timestamp":1771300267177}
{"location":"pipedream-webhook","message":"before_ingest","data":{"tenantId":null,"sourceEventId":"pipedream_215473131175360","eventType":"conversation.conversation","entityId":"215473131175360"},"timestamp":1771300267177}
{"location":"events-manager","message":"fetch_ingest_start","data":{"url":"http://localhost:8080/api/ingest","source":"conversation","source_event_id":"pipedream_215473131175360"},"timestamp":1771300267177}
{"location":"events-manager","message":"fetch_ingest_response","data":{"status":422,"ok":false},"timestamp":1771300267179}
{"location":"pipedream-webhook","message":"ingest_error","data":{"error":"Failed to ingest event: Failed to deserialize the JSON body into the target type: occurred_at: invalid type: integer `1771299659`, expected an RFC 3339 formatted date and time string at line 1 column 2319","tenantId":null},"timestamp":1771300267180}
{"location":"pipedream-webhook","message":"webhook_post_entry","data":{"method":"POST"},"timestamp":1771300267276}
{"location":"pipedream-webhook","message":"webhook_received","data":{"headerDeploy":null,"bodyDeploy":null,"metaDeploy":null,"emitterDeploy":null,"deploymentId":null,"eventKeys":["type","id","created_at","updated_at","waiting_since","snoozed_until","source","contacts","first_contact_reply","admin_assignee_id","team_assignee_id","open","state","read","tags","priority","sla_applied","statistics","conversation_rating","teammates","title","custom_attributes","topics","ticket","linked_objects","ai_agent","ai_agent_participated"],"pdHeaders":null,"eventMetadata":null},"timestamp":1771300267276}
{"location":"pipedream-webhook","message":"no_deployment_id","data":{"deploymentId":null,"skippedLookup":true},"timestamp":1771300267276}
{"location":"pipedream-webhook","message":"before_ingest","data":{"tenantId":null,"sourceEventId":"pipedream_215473131214333","eventType":"conversation.conversation","entityId":"215473131214333"},"timestamp":1771300267277}
{"location":"events-manager","message":"fetch_ingest_start","data":{"url":"http://localhost:8080/api/ingest","source":"conversation","source_event_id":"pipedream_215473131214333"},"timestamp":1771300267277}
{"location":"events-manager","message":"fetch_ingest_response","data":{"status":422,"ok":false},"timestamp":1771300267279}
{"location":"pipedream-webhook","message":"ingest_error","data":{"error":"Failed to ingest event: Failed to deserialize the JSON body into the target type: occurred_at: invalid type: integer `1771300150`, expected an RFC 3339 formatted date and time string at line 1 column 2269","tenantId":null},"timestamp":1771300267279}
{"location":"pipedream-webhook","message":"webhook_post_entry","data":{"method":"POST"},"timestamp":1771300269241}
{"location":"pipedream-webhook","message":"webhook_received","data":{"headerDeploy":null,"bodyDeploy":null,"metaDeploy":null,"emitterDeploy":null,"deploymentId":null,"eventKeys":["type","id","ticket_id","ticket_attributes","ticket_state","ticket_type","contacts","admin_assignee_id","team_assignee_id","created_at","updated_at","ticket_parts","open","linked_objects","category","is_shared","company_id"],"pdHeaders":null,"eventMetadata":null},"timestamp":1771300269242}
{"location":"pipedream-webhook","message":"no_deployment_id","data":{"deploymentId":null,"skippedLookup":true},"timestamp":1771300269242}
{"location":"pipedream-webhook","message":"before_ingest","data":{"tenantId":null,"sourceEventId":"pipedream_215472742146840","eventType":"ticket.ticket","entityId":"215472742146840"},"timestamp":1771300269242}
{"location":"events-manager","message":"fetch_ingest_start","data":{"url":"http://localhost:8080/api/ingest","source":"ticket","source_event_id":"pipedream_215472742146840"},"timestamp":1771300269242}
{"location":"events-manager","message":"fetch_ingest_response","data":{"status":422,"ok":false},"timestamp":1771300269244}
{"location":"pipedream-webhook","message":"ingest_error","data":{"error":"Failed to ingest event: Failed to deserialize the JSON body into the target type: occurred_at: invalid type: integer `1768858559`, expected an RFC 3339 formatted date and time string at line 1 column 4023","tenantId":null},"timestamp":1771300269245}
{"location":"pipedream-webhook","message":"webhook_post_entry","data":{"method":"POST"},"timestamp":1771300269357}
{"location":"pipedream-webhook","message":"webhook_received","data":{"headerDeploy":null,"bodyDeploy":null,"metaDeploy":null,"emitterDeploy":null,"deploymentId":null,"eventKeys":["type","id","ticket_id","ticket_attributes","ticket_state","ticket_type","contacts","admin_assignee_id","team_assignee_id","created_at","updated_at","ticket_parts","open","linked_objects","category","is_shared","company_id"],"pdHeaders":null,"eventMetadata":null},"timestamp":1771300269358}
{"location":"pipedream-webhook","message":"no_deployment_id","data":{"deploymentId":null,"skippedLookup":true},"timestamp":1771300269358}
{"location":"pipedream-webhook","message":"before_ingest","data":{"tenantId":null,"sourceEventId":"pipedream_215472877651588","eventType":"ticket.ticket","entityId":"215472877651588"},"timestamp":1771300269358}
{"location":"events-manager","message":"fetch_ingest_start","data":{"url":"http://localhost:8080/api/ingest","source":"ticket","source_event_id":"pipedream_215472877651588"},"timestamp":1771300269358}
{"location":"events-manager","message":"fetch_ingest_response","data":{"status":422,"ok":false},"timestamp":1771300269360}
{"location":"pipedream-webhook","message":"ingest_error","data":{"error":"Failed to ingest event: Failed to deserialize the JSON body into the target type: occurred_at: invalid type: integer `1769699942`, expected an RFC 3339 formatted date and time string at line 1 column 4669","tenantId":null},"timestamp":1771300269360}
{"location":"pipedream-webhook","message":"webhook_post_entry","data":{"method":"POST"},"timestamp":1771300269430}
{"location":"pipedream-webhook","message":"webhook_received","data":{"headerDeploy":null,"bodyDeploy":null,"metaDeploy":null,"emitterDeploy":null,"deploymentId":null,"eventKeys":["type","id","ticket_id","ticket_attributes","ticket_state","ticket_type","contacts","admin_assignee_id","team_assignee_id","created_at","updated_at","ticket_parts","open","linked_objects","category","is_shared","company_id"],"pdHeaders":null,"eventMetadata":null},"timestamp":1771300269430}
{"location":"pipedream-webhook","message":"no_deployment_id","data":{"deploymentId":null,"skippedLookup":true},"timestamp":1771300269431}
{"location":"pipedream-webhook","message":"before_ingest","data":{"tenantId":null,"sourceEventId":"pipedream_215472877861626","eventType":"ticket.ticket","entityId":"215472877861626"},"timestamp":1771300269431}
{"location":"events-manager","message":"fetch_ingest_start","data":{"url":"http://localhost:8080/api/ingest","source":"ticket","source_event_id":"pipedream_215472877861626"},"timestamp":1771300269431}
{"location":"events-manager","message":"fetch_ingest_response","data":{"status":422,"ok":false},"timestamp":1771300269434}
{"location":"pipedream-webhook","message":"ingest_error","data":{"error":"Failed to ingest event: Failed to deserialize the JSON body into the target type: occurred_at: invalid type: integer `1769700159`, expected an RFC 3339 formatted date and time string at line 1 column 4579","tenantId":null},"timestamp":1771300269434}
{"location":"pipedream-webhook","message":"webhook_post_entry","data":{"method":"POST"},"timestamp":1771300270763}
{"location":"pipedream-webhook","message":"webhook_received","data":{"headerDeploy":null,"bodyDeploy":null,"metaDeploy":null,"emitterDeploy":null,"deploymentId":null,"eventKeys":["type","id","ticket_id","ticket_attributes","ticket_state","ticket_type","contacts","admin_assignee_id","team_assignee_id","created_at","updated_at","ticket_parts","open","linked_objects","category","is_shared","company_id"],"pdHeaders":null,"eventMetadata":null},"timestamp":1771300270764}
{"location":"pipedream-webhook","message":"no_deployment_id","data":{"deploymentId":null,"skippedLookup":true},"timestamp":1771300270764}
{"location":"pipedream-webhook","message":"before_ingest","data":{"tenantId":null,"sourceEventId":"pipedream_215472930888886","eventType":"ticket.ticket","entityId":"215472930888886"},"timestamp":1771300270764}
{"location":"events-manager","message":"fetch_ingest_start","data":{"url":"http://localhost:8080/api/ingest","source":"ticket","source_event_id":"pipedream_215472930888886"},"timestamp":1771300270764}
{"location":"events-manager","message":"fetch_ingest_response","data":{"status":422,"ok":false},"timestamp":1771300270769}
{"location":"pipedream-webhook","message":"ingest_error","data":{"error":"Failed to ingest event: Failed to deserialize the JSON body into the target type: occurred_at: invalid type: integer `1770057412`, expected an RFC 3339 formatted date and time string at line 1 column 4023","tenantId":null},"timestamp":1771300270770}
{"location":"pipedream-webhook","message":"webhook_post_entry","data":{"method":"POST"},"timestamp":1771300270830}
{"location":"pipedream-webhook","message":"webhook_received","data":{"headerDeploy":null,"bodyDeploy":null,"metaDeploy":null,"emitterDeploy":null,"deploymentId":null,"eventKeys":["type","id","ticket_id","ticket_attributes","ticket_state","ticket_type","contacts","admin_assignee_id","team_assignee_id","created_at","updated_at","ticket_parts","open","linked_objects","category","is_shared","company_id"],"pdHeaders":null,"eventMetadata":null},"timestamp":1771300270831}
{"location":"pipedream-webhook","message":"no_deployment_id","data":{"deploymentId":null,"skippedLookup":true},"timestamp":1771300270831}
{"location":"pipedream-webhook","message":"before_ingest","data":{"tenantId":null,"sourceEventId":"pipedream_215472952936194","eventType":"ticket.ticket","entityId":"215472952936194"},"timestamp":1771300270832}
{"location":"events-manager","message":"fetch_ingest_start","data":{"url":"http://localhost:8080/api/ingest","source":"ticket","source_event_id":"pipedream_215472952936194"},"timestamp":1771300270832}
{"location":"events-manager","message":"fetch_ingest_response","data":{"status":422,"ok":false},"timestamp":1771300270835}
{"location":"pipedream-webhook","message":"ingest_error","data":{"error":"Failed to ingest event: Failed to deserialize the JSON body into the target type: occurred_at: invalid type: integer `1770170798`, expected an RFC 3339 formatted date and time string at line 1 column 4023","tenantId":null},"timestamp":1771300270835}
{"location":"pipedream-webhook","message":"webhook_post_entry","data":{"method":"POST"},"timestamp":1771300270942}
{"location":"pipedream-webhook","message":"webhook_received","data":{"headerDeploy":null,"bodyDeploy":null,"metaDeploy":null,"emitterDeploy":null,"deploymentId":null,"eventKeys":["type","id","ticket_id","ticket_attributes","ticket_state","ticket_type","contacts","admin_assignee_id","team_assignee_id","created_at","updated_at","ticket_parts","open","linked_objects","category","is_shared","company_id"],"pdHeaders":null,"eventMetadata":null},"timestamp":1771300270943}
{"location":"pipedream-webhook","message":"no_deployment_id","data":{"deploymentId":null,"skippedLookup":true},"timestamp":1771300270943}
{"location":"pipedream-webhook","message":"before_ingest","data":{"tenantId":null,"sourceEventId":"pipedream_215472953051953","eventType":"ticket.ticket","entityId":"215472953051953"},"timestamp":1771300270943}
{"location":"events-manager","message":"fetch_ingest_start","data":{"url":"http://localhost:8080/api/ingest","source":"ticket","source_event_id":"pipedream_215472953051953"},"timestamp":1771300270943}
{"location":"events-manager","message":"fetch_ingest_response","data":{"status":422,"ok":false},"timestamp":1771300270946}
{"location":"pipedream-webhook","message":"ingest_error","data":{"error":"Failed to ingest event: Failed to deserialize the JSON body into the target type: occurred_at: invalid type: integer `1770171407`, expected an RFC 3339 formatted date and time string at line 1 column 9542","tenantId":null},"timestamp":1771300270947}
{"location":"pipedream-webhook","message":"webhook_post_entry","data":{"method":"POST"},"timestamp":1771300276983}
{"location":"pipedream-webhook","message":"webhook_received","data":{"headerDeploy":null,"bodyDeploy":null,"metaDeploy":null,"emitterDeploy":null,"deploymentId":null,"eventKeys":["type","id","created_at","updated_at","waiting_since","snoozed_until","source","contacts","first_contact_reply","admin_assignee_id","team_assignee_id","open","state","read","tags","priority","sla_applied","statistics","conversation_rating","teammates","title","custom_attributes","topics","ticket","linked_objects","ai_agent","ai_agent_participated","conversation_parts"],"pdHeaders":null,"eventMetadata":null},"timestamp":1771300276985}
{"location":"pipedream-webhook","message":"no_deployment_id","data":{"deploymentId":null,"skippedLookup":true},"timestamp":1771300276985}
{"location":"pipedream-webhook","message":"before_ingest","data":{"tenantId":null,"sourceEventId":"pipedream_215473131214333","eventType":"conversation.conversation","entityId":"215473131214333"},"timestamp":1771300276986}
{"location":"events-manager","message":"fetch_ingest_start","data":{"url":"http://localhost:8080/api/ingest","source":"conversation","source_event_id":"pipedream_215473131214333"},"timestamp":1771300276986}
{"location":"events-manager","message":"fetch_ingest_response","data":{"status":422,"ok":false},"timestamp":1771300276990}
{"location":"pipedream-webhook","message":"ingest_error","data":{"error":"Failed to ingest event: Failed to deserialize the JSON body into the target type: occurred_at: invalid type: integer `1771300150`, expected an RFC 3339 formatted date and time string at line 1 column 4176","tenantId":null},"timestamp":1771300276991}
{"location":"pipedream-webhook","message":"webhook_post_entry","data":{"method":"POST"},"timestamp":1771300277111}
{"location":"pipedream-webhook","message":"webhook_received","data":{"headerDeploy":null,"bodyDeploy":null,"metaDeploy":null,"emitterDeploy":null,"deploymentId":null,"eventKeys":["type","id","created_at","updated_at","waiting_since","snoozed_until","source","contacts","first_contact_reply","admin_assignee_id","team_assignee_id","open","state","read","tags","priority","sla_applied","statistics","conversation_rating","teammates","title","custom_attributes","topics","ticket","linked_objects","ai_agent","ai_agent_participated","conversation_parts"],"pdHeaders":null,"eventMetadata":null},"timestamp":1771300277111}
{"location":"pipedream-webhook","message":"no_deployment_id","data":{"deploymentId":null,"skippedLookup":true},"timestamp":1771300277112}
{"location":"pipedream-webhook","message":"before_ingest","data":{"tenantId":null,"sourceEventId":"pipedream_215472952950870","eventType":"conversation.conversation","entityId":"215472952950870"},"timestamp":1771300277112}
{"location":"events-manager","message":"fetch_ingest_start","data":{"url":"http://localhost:8080/api/ingest","source":"conversation","source_event_id":"pipedream_215472952950870"},"timestamp":1771300277112}
{"location":"events-manager","message":"fetch_ingest_response","data":{"status":422,"ok":false},"timestamp":1771300277115}
{"location":"pipedream-webhook","message":"ingest_error","data":{"error":"Failed to ingest event: Failed to deserialize the JSON body into the target type: occurred_at: invalid type: integer `1770170849`, expected an RFC 3339 formatted date and time string at line 1 column 4818","tenantId":null},"timestamp":1771300277116}
{"location":"pipedream-webhook","message":"webhook_post_entry","data":{"method":"POST"},"timestamp":1771300277192}
{"location":"pipedream-webhook","message":"webhook_post_entry","data":{"method":"POST"},"timestamp":1771300277193}
{"location":"pipedream-webhook","message":"webhook_post_entry","data":{"method":"POST"},"timestamp":1771300277193}
{"location":"pipedream-webhook","message":"webhook_received","data":{"headerDeploy":null,"bodyDeploy":null,"metaDeploy":null,"emitterDeploy":null,"deploymentId":null,"eventKeys":["type","id","created_at","updated_at","waiting_since","snoozed_until","source","contacts","first_contact_reply","admin_assignee_id","team_assignee_id","open","state","read","tags","priority","sla_applied","statistics","conversation_rating","teammates","title","custom_attributes","topics","ticket","linked_objects","ai_agent","ai_agent_participated","conversation_parts"],"pdHeaders":null,"eventMetadata":null},"timestamp":1771300277194}
{"location":"pipedream-webhook","message":"no_deployment_id","data":{"deploymentId":null,"skippedLookup":true},"timestamp":1771300277194}
{"location":"pipedream-webhook","message":"before_ingest","data":{"tenantId":null,"sourceEventId":"pipedream_215472930893077","eventType":"conversation.conversation","entityId":"215472930893077"},"timestamp":1771300277194}
{"location":"events-manager","message":"fetch_ingest_start","data":{"url":"http://localhost:8080/api/ingest","source":"conversation","source_event_id":"pipedream_215472930893077"},"timestamp":1771300277194}
{"location":"pipedream-webhook","message":"webhook_received","data":{"headerDeploy":null,"bodyDeploy":null,"metaDeploy":null,"emitterDeploy":null,"deploymentId":null,"eventKeys":["type","id","created_at","updated_at","waiting_since","snoozed_until","source","contacts","first_contact_reply","admin_assignee_id","team_assignee_id","open","state","read","tags","priority","sla_applied","statistics","conversation_rating","teammates","title","custom_attributes","topics","ticket","linked_objects","ai_agent","ai_agent_participated","conversation_parts"],"pdHeaders":null,"eventMetadata":null},"timestamp":1771300277195}
{"location":"pipedream-webhook","message":"no_deployment_id","data":{"deploymentId":null,"skippedLookup":true},"timestamp":1771300277195}
{"location":"pipedream-webhook","message":"before_ingest","data":{"tenantId":null,"sourceEventId":"pipedream_215473131030283","eventType":"conversation.conversation","entityId":"215473131030283"},"timestamp":1771300277195}
{"location":"events-manager","message":"fetch_ingest_start","data":{"url":"http://localhost:8080/api/ingest","source":"conversation","source_event_id":"pipedream_215473131030283"},"timestamp":1771300277195}
{"location":"pipedream-webhook","message":"webhook_received","data":{"headerDeploy":null,"bodyDeploy":null,"metaDeploy":null,"emitterDeploy":null,"deploymentId":null,"eventKeys":["type","id","created_at","updated_at","waiting_since","snoozed_until","source","contacts","first_contact_reply","admin_assignee_id","team_assignee_id","open","state","read","tags","priority","sla_applied","statistics","conversation_rating","teammates","title","custom_attributes","topics","ticket","linked_objects","ai_agent","ai_agent_participated","conversation_parts"],"pdHeaders":null,"eventMetadata":null},"timestamp":1771300277195}
{"location":"pipedream-webhook","message":"no_deployment_id","data":{"deploymentId":null,"skippedLookup":true},"timestamp":1771300277196}
{"location":"pipedream-webhook","message":"before_ingest","data":{"tenantId":null,"sourceEventId":"pipedream_215472953057514","eventType":"conversation.conversation","entityId":"215472953057514"},"timestamp":1771300277196}
{"location":"events-manager","message":"fetch_ingest_start","data":{"url":"http://localhost:8080/api/ingest","source":"conversation","source_event_id":"pipedream_215472953057514"},"timestamp":1771300277196}
{"location":"events-manager","message":"fetch_ingest_response","data":{"status":422,"ok":false},"timestamp":1771300277199}
{"location":"pipedream-webhook","message":"ingest_error","data":{"error":"Failed to ingest event: Failed to deserialize the JSON body into the target type: occurred_at: invalid type: integer `1770057441`, expected an RFC 3339 formatted date and time string at line 1 column 4174","tenantId":null},"timestamp":1771300277200}
{"location":"events-manager","message":"fetch_ingest_response","data":{"status":422,"ok":false},"timestamp":1771300277262}
{"location":"pipedream-webhook","message":"ingest_error","data":{"error":"Failed to ingest event: Failed to deserialize the JSON body into the target type: occurred_at: invalid type: integer `1771297600`, expected an RFC 3339 formatted date and time string at line 1 column 4547","tenantId":null},"timestamp":1771300277263}
{"location":"events-manager","message":"fetch_ingest_response","data":{"status":422,"ok":false},"timestamp":1771300277319}
{"location":"pipedream-webhook","message":"ingest_error","data":{"error":"Failed to ingest event: Failed to deserialize the JSON body into the target type: occurred_at: invalid type: integer `1770171434`, expected an RFC 3339 formatted date and time string at line 1 column 4744","tenantId":null},"timestamp":1771300277319}
{"location":"pipedream-webhook","message":"webhook_post_entry","data":{"method":"POST"},"timestamp":1771300277410}
{"location":"pipedream-webhook","message":"webhook_received","data":{"headerDeploy":null,"bodyDeploy":null,"metaDeploy":null,"emitterDeploy":null,"deploymentId":null,"eventKeys":["type","id","created_at","updated_at","waiting_since","snoozed_until","source","contacts","first_contact_reply","admin_assignee_id","team_assignee_id","open","state","read","tags","priority","sla_applied","statistics","conversation_rating","teammates","title","custom_attributes","topics","ticket","linked_objects","ai_agent","ai_agent_participated","conversation_parts"],"pdHeaders":null,"eventMetadata":null},"timestamp":1771300277412}
{"location":"pipedream-webhook","message":"no_deployment_id","data":{"deploymentId":null,"skippedLookup":true},"timestamp":1771300277412}
{"location":"pipedream-webhook","message":"before_ingest","data":{"tenantId":null,"sourceEventId":"pipedream_215473131081743","eventType":"conversation.conversation","entityId":"215473131081743"},"timestamp":1771300277413}
{"location":"events-manager","message":"fetch_ingest_start","data":{"url":"http://localhost:8080/api/ingest","source":"conversation","source_event_id":"pipedream_215473131081743"},"timestamp":1771300277413}
{"location":"events-manager","message":"fetch_ingest_response","data":{"status":422,"ok":false},"timestamp":1771300277416}
{"location":"pipedream-webhook","message":"ingest_error","data":{"error":"Failed to ingest event: Failed to deserialize the JSON body into the target type: occurred_at: invalid type: integer `1771298320`, expected an RFC 3339 formatted date and time string at line 1 column 5018","tenantId":null},"timestamp":1771300277417}
{"location":"pipedream-webhook","message":"webhook_post_entry","data":{"method":"POST"},"timestamp":1771300278350}
{"location":"pipedream-webhook","message":"webhook_received","data":{"headerDeploy":null,"bodyDeploy":null,"metaDeploy":null,"emitterDeploy":null,"deploymentId":null,"eventKeys":["type","id","created_at","updated_at","waiting_since","snoozed_until","source","contacts","first_contact_reply","admin_assignee_id","team_assignee_id","open","state","read","tags","priority","sla_applied","statistics","conversation_rating","teammates","title","custom_attributes","topics","ticket","linked_objects","ai_agent","ai_agent_participated","conversation_parts"],"pdHeaders":null,"eventMetadata":null},"timestamp":1771300278350}
{"location":"pipedream-webhook","message":"no_deployment_id","data":{"deploymentId":null,"skippedLookup":true},"timestamp":1771300278351}
{"location":"pipedream-webhook","message":"before_ingest","data":{"tenantId":null,"sourceEventId":"pipedream_215473131140290","eventType":"conversation.conversation","entityId":"215473131140290"},"timestamp":1771300278351}
{"location":"events-manager","message":"fetch_ingest_start","data":{"url":"http://localhost:8080/api/ingest","source":"conversation","source_event_id":"pipedream_215473131140290"},"timestamp":1771300278351}
{"location":"events-manager","message":"fetch_ingest_response","data":{"status":422,"ok":false},"timestamp":1771300278353}
{"location":"pipedream-webhook","message":"ingest_error","data":{"error":"Failed to ingest event: Failed to deserialize the JSON body into the target type: occurred_at: invalid type: integer `1771299189`, expected an RFC 3339 formatted date and time string at line 1 column 4268","tenantId":null},"timestamp":1771300278353}
{"location":"pipedream-webhook","message":"webhook_post_entry","data":{"method":"POST"},"timestamp":1771300278427}
{"location":"pipedream-webhook","message":"webhook_received","data":{"headerDeploy":null,"bodyDeploy":null,"metaDeploy":null,"emitterDeploy":null,"deploymentId":null,"eventKeys":["type","id","created_at","updated_at","waiting_since","snoozed_until","source","contacts","first_contact_reply","admin_assignee_id","team_assignee_id","open","state","read","tags","priority","sla_applied","statistics","conversation_rating","teammates","title","custom_attributes","topics","ticket","linked_objects","ai_agent","ai_agent_participated","conversation_parts"],"pdHeaders":null,"eventMetadata":null},"timestamp":1771300278428}
{"location":"pipedream-webhook","message":"no_deployment_id","data":{"deploymentId":null,"skippedLookup":true},"timestamp":1771300278428}
{"location":"pipedream-webhook","message":"before_ingest","data":{"tenantId":null,"sourceEventId":"pipedream_215473131175360","eventType":"conversation.conversation","entityId":"215473131175360"},"timestamp":1771300278428}
{"location":"events-manager","message":"fetch_ingest_start","data":{"url":"http://localhost:8080/api/ingest","source":"conversation","source_event_id":"pipedream_215473131175360"},"timestamp":1771300278429}
{"location":"events-manager","message":"fetch_ingest_response","data":{"status":422,"ok":false},"timestamp":1771300278432}
{"location":"pipedream-webhook","message":"ingest_error","data":{"error":"Failed to ingest event: Failed to deserialize the JSON body into the target type: occurred_at: invalid type: integer `1771299659`, expected an RFC 3339 formatted date and time string at line 1 column 4992","tenantId":null},"timestamp":1771300278433}
{"location":"pipedream-webhook","message":"webhook_post_entry","data":{"method":"POST"},"timestamp":1771300559933}
{"location":"pipedream-webhook","message":"webhook_received","data":{"headerDeploy":null,"bodyDeploy":null,"metaDeploy":null,"emitterDeploy":null,"deploymentId":null,"eventKeys":["id","type","conversation_id","author","created_at"],"pdHeaders":null,"eventMetadata":null},"timestamp":1771300559934}
{"location":"pipedream-webhook","message":"no_deployment_id","data":{"deploymentId":null,"skippedLookup":true},"timestamp":1771300559935}
{"location":"pipedream-webhook","message":"before_ingest","data":{"tenantId":null,"sourceEventId":"pipedream_test_1771300559547","eventType":"intercom.new-message","entityId":"conv_123"},"timestamp":1771300559935}
{"location":"events-manager","message":"fetch_ingest_start","data":{"url":"http://localhost:8080/api/ingest","source":"intercom","source_event_id":"pipedream_test_1771300559547"},"timestamp":1771300559936}
{"location":"events-manager","message":"fetch_ingest_response","data":{"status":200,"ok":true},"timestamp":1771300560516}
{"location":"pipedream-webhook","message":"after_ingest","data":{"event_id":"01KHMVV77V2PY7VZKE10CQFKX1","ingested":true,"message":"Event ingested successfully","tenantId":null,"willCreateRun":false},"timestamp":1771300560518}
{"location":"pipedream-webhook","message":"webhook_post_entry","data":{"method":"POST"},"timestamp":1771300562731}
{"location":"pipedream-webhook","message":"webhook_received","data":{"headerDeploy":"dc_76uJADy","bodyDeploy":"dc_76uJADy","metaDeploy":null,"emitterDeploy":null,"deploymentId":"dc_76uJADy","eventKeys":["id","type","conversation_id","author","created_at","deployment_id"],"pdHeaders":{"x-pd-deployment-id":"dc_76uJADy"},"eventMetadata":null},"timestamp":1771300562732}
{"location":"pipedream-webhook","message":"db_lookup_result","data":{"deploymentId":"dc_76uJADy","tenantId":"cmlpyxsvy0000lb04dmaqk2h4","provider":"intercom","triggerFound":true},"timestamp":1771300563566}
{"location":"pipedream-webhook","message":"before_ingest","data":{"tenantId":"cmlpyxsvy0000lb04dmaqk2h4","sourceEventId":"pipedream_e2e_1771300562612_scx8v78r","eventType":"intercom.new-message","entityId":"conv_1771300562612"},"timestamp":1771300563566}
{"location":"events-manager","message":"fetch_ingest_start","data":{"url":"http://localhost:8080/api/ingest","source":"intercom","source_event_id":"pipedream_e2e_1771300562612_scx8v78r"},"timestamp":1771300563566}
{"location":"events-manager","message":"fetch_ingest_response","data":{"status":200,"ok":true},"timestamp":1771300564187}
{"location":"pipedream-webhook","message":"after_ingest","data":{"event_id":"01KHMVVAS8B3SET5NHFFEVH44J","ingested":true,"message":"Event ingested successfully","tenantId":"cmlpyxsvy0000lb04dmaqk2h4","willCreateRun":true},"timestamp":1771300564189}
{"location":"pipedream-webhook","message":"run_created","data":{"runId":"cmlq2mehq00011td2d5p8ov6z","eventId":"01KHMVVAS8B3SET5NHFFEVH44J","invocationId":"inv_01KHMVVAS8B3SET5NHFFEVH44J"},"timestamp":1771300565231}
{"location":"pipedream-webhook","message":"webhook_post_entry","data":{"method":"POST"},"timestamp":1771300682191}
{"location":"pipedream-webhook","message":"webhook_received","data":{"headerDeploy":null,"bodyDeploy":null,"metaDeploy":null,"emitterDeploy":null,"deploymentId":null,"eventKeys":["id","type","conversation_id","author","created_at"],"pdHeaders":null,"eventMetadata":null},"timestamp":1771300682192}
{"location":"pipedream-webhook","message":"no_deployment_id","data":{"deploymentId":null,"skippedLookup":true},"timestamp":1771300682192}
{"location":"pipedream-webhook","message":"before_ingest","data":{"tenantId":null,"sourceEventId":"pipedream_test_1771300681865","eventType":"intercom.new-message","entityId":"conv_123"},"timestamp":1771300682192}
{"location":"events-manager","message":"fetch_ingest_start","data":{"url":"http://localhost:8080/api/ingest","source":"intercom","source_event_id":"pipedream_test_1771300681865"},"timestamp":1771300682193}
{"location":"events-manager","message":"fetch_ingest_response","data":{"status":200,"ok":true},"timestamp":1771300682771}
{"location":"pipedream-webhook","message":"after_ingest","data":{"event_id":"01KHMVYYMCS5H3PPZ014YDDEYX","ingested":true,"message":"Event ingested successfully","tenantId":null,"willCreateRun":false},"timestamp":1771300682772}
{"location":"pipedream-webhook","message":"webhook_post_entry","data":{"method":"POST"},"timestamp":1771300684176}
{"location":"pipedream-webhook","message":"webhook_received","data":{"headerDeploy":"dc_76uJADy","bodyDeploy":"dc_76uJADy","metaDeploy":null,"emitterDeploy":null,"deploymentId":"dc_76uJADy","eventKeys":["id","type","conversation_id","author","created_at","deployment_id"],"pdHeaders":{"x-pd-deployment-id":"dc_76uJADy"},"eventMetadata":null},"timestamp":1771300684177}
{"location":"pipedream-webhook","message":"db_lookup_result","data":{"deploymentId":"dc_76uJADy","tenantId":"cmlpyxsvy0000lb04dmaqk2h4","provider":"intercom","triggerFound":true},"timestamp":1771300684959}
{"location":"pipedream-webhook","message":"before_ingest","data":{"tenantId":"cmlpyxsvy0000lb04dmaqk2h4","sourceEventId":"pipedream_e2e_1771300684062_yuqcz766","eventType":"intercom.new-message","entityId":"conv_1771300684062"},"timestamp":1771300684960}
{"location":"events-manager","message":"fetch_ingest_start","data":{"url":"http://localhost:8080/api/ingest","source":"intercom","source_event_id":"pipedream_e2e_1771300684062_yuqcz766"},"timestamp":1771300684960}
{"location":"events-manager","message":"fetch_ingest_response","data":{"status":200,"ok":true},"timestamp":1771300686253}
{"location":"pipedream-webhook","message":"after_ingest","data":{"event_id":"01KHMVZ1WYW3XVCTDAAXJVRHX0","ingested":true,"message":"Event ingested successfully","tenantId":"cmlpyxsvy0000lb04dmaqk2h4","willCreateRun":true},"timestamp":1771300686254}
{"location":"pipedream-webhook","message":"run_created","data":{"runId":"cmlq2p0w200051td24v02lzix","eventId":"01KHMVZ1WYW3XVCTDAAXJVRHX0","invocationId":"inv_01KHMVZ1WYW3XVCTDAAXJVRHX0"},"timestamp":1771300687620}
